[0.009s] Invoking command in '/home/jerry/Meta_Engineer_Arm/pkg/build/urdf_export': /usr/bin/cmake /home/jerry/Meta_Engineer_Arm/pkg/src -DCMAKE_INSTALL_PREFIX=/home/jerry/Meta_Engineer_Arm/pkg/install/urdf_export
[0.093s] -- The C compiler identification is GNU 11.4.0
[0.154s] -- The CXX compiler identification is GNU 11.4.0
[0.161s] -- Detecting C compiler ABI info
[0.222s] -- Detecting C compiler ABI info - done
[0.226s] -- Check for working C compiler: /usr/bin/cc - skipped
[0.227s] -- Detecting C compile features
[0.227s] -- Detecting C compile features - done
[0.230s] -- Detecting CXX compiler ABI info
[0.301s] -- Detecting CXX compiler ABI info - done
[0.305s] -- Check for working CXX compiler: /usr/bin/c++ - skipped
[0.305s] -- Detecting CXX compile features
[0.305s] -- Detecting CXX compile features - done
[0.311s] -- Found ament_cmake: 1.3.12 (/opt/ros/humble/share/ament_cmake/cmake)
[0.430s] -- Found Python3: /usr/bin/python3 (found version "3.10.12") found components: Interpreter 
[0.497s] -- Found ament_lint_auto: 0.12.14 (/opt/ros/humble/share/ament_lint_auto/cmake)
[0.547s] -- Added test 'flake8' to check Python code syntax and style conventions
[0.548s] -- Added test 'lint_cmake' to check CMake code style
[0.548s] -- Added test 'pep257' to check Python code against some of the docstring style conventions in PEP 257
[0.549s] -- Added test 'xmllint' to check XML markup files
[0.550s] -- Configuring done
[0.554s] -- Generating done
[0.555s] -- Build files have been written to: /home/jerry/Meta_Engineer_Arm/pkg/build/urdf_export
[0.559s] Invoked command in '/home/jerry/Meta_Engineer_Arm/pkg/build/urdf_export' returned '0': /usr/bin/cmake /home/jerry/Meta_Engineer_Arm/pkg/src -DCMAKE_INSTALL_PREFIX=/home/jerry/Meta_Engineer_Arm/pkg/install/urdf_export
[0.559s] Invoking command in '/home/jerry/Meta_Engineer_Arm/pkg/build/urdf_export': /usr/bin/cmake --build /home/jerry/Meta_Engineer_Arm/pkg/build/urdf_export -- -j24 -l24
[0.597s] Invoked command in '/home/jerry/Meta_Engineer_Arm/pkg/build/urdf_export' returned '0': /usr/bin/cmake --build /home/jerry/Meta_Engineer_Arm/pkg/build/urdf_export -- -j24 -l24
[0.605s] Invoking command in '/home/jerry/Meta_Engineer_Arm/pkg/build/urdf_export': /usr/bin/cmake --install /home/jerry/Meta_Engineer_Arm/pkg/build/urdf_export
[0.612s] -- Install configuration: ""
[0.612s] -- Installing: /home/jerry/Meta_Engineer_Arm/pkg/install/urdf_export/share/urdf_export/launch
[0.612s] -- Installing: /home/jerry/Meta_Engineer_Arm/pkg/install/urdf_export/share/urdf_export/launch/display.launch.py
[0.612s] -- Installing: /home/jerry/Meta_Engineer_Arm/pkg/install/urdf_export/share/urdf_export/launch/description.launch.py
[0.612s] -- Installing: /home/jerry/Meta_Engineer_Arm/pkg/install/urdf_export/share/urdf_export/launch/gazebo.launch.py
[0.612s] -- Installing: /home/jerry/Meta_Engineer_Arm/pkg/install/urdf_export/share/urdf_export/meshes
[0.612s] -- Installing: /home/jerry/Meta_Engineer_Arm/pkg/install/urdf_export/share/urdf_export/meshes/arm_cad_link1_kmxu8b.dae
[0.612s] -- Installing: /home/jerry/Meta_Engineer_Arm/pkg/install/urdf_export/share/urdf_export/meshes/arm_cad_link5_wauaem.dae
[0.612s] -- Installing: /home/jerry/Meta_Engineer_Arm/pkg/install/urdf_export/share/urdf_export/meshes/arm_cad_link0_hxjlaj.dae
[0.612s] -- Installing: /home/jerry/Meta_Engineer_Arm/pkg/install/urdf_export/share/urdf_export/meshes/arm_cad_claw_d60vqu.dae
[0.612s] -- Installing: /home/jerry/Meta_Engineer_Arm/pkg/install/urdf_export/share/urdf_export/meshes/arm_cad_base_l8pdmd.dae
[0.612s] -- Installing: /home/jerry/Meta_Engineer_Arm/pkg/install/urdf_export/share/urdf_export/meshes/arm_cad_link2_1eqjgf.dae
[0.612s] -- Installing: /home/jerry/Meta_Engineer_Arm/pkg/install/urdf_export/share/urdf_export/meshes/arm_cad_link4_wqzhg2.dae
[0.612s] -- Installing: /home/jerry/Meta_Engineer_Arm/pkg/install/urdf_export/share/urdf_export/meshes/arm_cad_link3_m8x0cv.dae
[0.612s] -- Installing: /home/jerry/Meta_Engineer_Arm/pkg/install/urdf_export/share/urdf_export/rviz
[0.612s] -- Installing: /home/jerry/Meta_Engineer_Arm/pkg/install/urdf_export/share/urdf_export/rviz/robot_description.rviz
[0.612s] -- Installing: /home/jerry/Meta_Engineer_Arm/pkg/install/urdf_export/share/urdf_export/urdf
[0.612s] -- Installing: /home/jerry/Meta_Engineer_Arm/pkg/install/urdf_export/share/urdf_export/urdf/Robot_sensors.urdf.xacro
[0.612s] -- Installing: /home/jerry/Meta_Engineer_Arm/pkg/install/urdf_export/share/urdf_export/urdf/Robot_wrapper.urdf.xacro
[0.612s] -- Installing: /home/jerry/Meta_Engineer_Arm/pkg/install/urdf_export/share/urdf_export/urdf/Robot.urdf
[0.612s] -- Installing: /home/jerry/Meta_Engineer_Arm/pkg/install/urdf_export/share/urdf_export/worlds
[0.612s] -- Installing: /home/jerry/Meta_Engineer_Arm/pkg/install/urdf_export/share/urdf_export/worlds/empty.sdf
[0.613s] -- Installing: /home/jerry/Meta_Engineer_Arm/pkg/install/urdf_export/share/urdf_export/worlds/move_code
[0.613s] -- Installing: /home/jerry/Meta_Engineer_Arm/pkg/install/urdf_export/share/urdf_export/worlds/move_code/.gitkeep
[0.613s] -- Installing: /home/jerry/Meta_Engineer_Arm/pkg/install/urdf_export/share/urdf_export/worlds/cars_and_trees.sdf
[0.613s] -- Installing: /home/jerry/Meta_Engineer_Arm/pkg/install/urdf_export/share/urdf_export/worlds/empty_world.sdf
[0.613s] -- Installing: /home/jerry/Meta_Engineer_Arm/pkg/install/urdf_export/share/ament_index/resource_index/package_run_dependencies/urdf_export
[0.613s] -- Installing: /home/jerry/Meta_Engineer_Arm/pkg/install/urdf_export/share/ament_index/resource_index/parent_prefix_path/urdf_export
[0.613s] -- Installing: /home/jerry/Meta_Engineer_Arm/pkg/install/urdf_export/share/urdf_export/environment/ament_prefix_path.sh
[0.613s] -- Installing: /home/jerry/Meta_Engineer_Arm/pkg/install/urdf_export/share/urdf_export/environment/ament_prefix_path.dsv
[0.613s] -- Installing: /home/jerry/Meta_Engineer_Arm/pkg/install/urdf_export/share/urdf_export/environment/path.sh
[0.613s] -- Installing: /home/jerry/Meta_Engineer_Arm/pkg/install/urdf_export/share/urdf_export/environment/path.dsv
[0.613s] -- Installing: /home/jerry/Meta_Engineer_Arm/pkg/install/urdf_export/share/urdf_export/local_setup.bash
[0.613s] -- Installing: /home/jerry/Meta_Engineer_Arm/pkg/install/urdf_export/share/urdf_export/local_setup.sh
[0.613s] -- Installing: /home/jerry/Meta_Engineer_Arm/pkg/install/urdf_export/share/urdf_export/local_setup.zsh
[0.613s] -- Installing: /home/jerry/Meta_Engineer_Arm/pkg/install/urdf_export/share/urdf_export/local_setup.dsv
[0.613s] -- Installing: /home/jerry/Meta_Engineer_Arm/pkg/install/urdf_export/share/urdf_export/package.dsv
[0.613s] -- Installing: /home/jerry/Meta_Engineer_Arm/pkg/install/urdf_export/share/ament_index/resource_index/packages/urdf_export
[0.613s] -- Installing: /home/jerry/Meta_Engineer_Arm/pkg/install/urdf_export/share/urdf_export/cmake/urdf_exportConfig.cmake
[0.613s] -- Installing: /home/jerry/Meta_Engineer_Arm/pkg/install/urdf_export/share/urdf_export/cmake/urdf_exportConfig-version.cmake
[0.613s] -- Installing: /home/jerry/Meta_Engineer_Arm/pkg/install/urdf_export/share/urdf_export/package.xml
[0.615s] Invoked command in '/home/jerry/Meta_Engineer_Arm/pkg/build/urdf_export' returned '0': /usr/bin/cmake --install /home/jerry/Meta_Engineer_Arm/pkg/build/urdf_export
